0 info it worked if it ends with ok
1 verbose cli [ '/usr/local/bin/node', '/usr/local/bin/npm', 'publish' ]
2 info using npm@1.3.11
3 info using node@v0.10.20
4 verbose publish [ '.' ]
5 verbose cache add [ '.', null ]
6 verbose cache add name=undefined spec="." args=[".",null]
7 verbose parsed url { protocol: null,
7 verbose parsed url   slashes: null,
7 verbose parsed url   auth: null,
7 verbose parsed url   host: null,
7 verbose parsed url   port: null,
7 verbose parsed url   hostname: null,
7 verbose parsed url   hash: null,
7 verbose parsed url   search: null,
7 verbose parsed url   query: null,
7 verbose parsed url   pathname: '.',
7 verbose parsed url   path: '.',
7 verbose parsed url   href: '.' }
8 silly lockFile 3a52ce78- .
9 verbose lock . /home/max/.npm/3a52ce78-.lock
10 verbose tar pack [ '/home/max/tmp/npm-5067-F30iOsOa/1406623948303-0.485210994258523/tmp.tgz',
10 verbose tar pack   '.' ]
11 verbose tarball /home/max/tmp/npm-5067-F30iOsOa/1406623948303-0.485210994258523/tmp.tgz
12 verbose folder .
13 silly lockFile 1f1177db-tar tar://.
14 verbose lock tar://. /home/max/.npm/1f1177db-tar.lock
15 silly lockFile e70d2f92-948303-0-485210994258523-tmp-tgz tar:///home/max/tmp/npm-5067-F30iOsOa/1406623948303-0.485210994258523/tmp.tgz
16 verbose lock tar:///home/max/tmp/npm-5067-F30iOsOa/1406623948303-0.485210994258523/tmp.tgz /home/max/.npm/e70d2f92-948303-0-485210994258523-tmp-tgz.lock
17 silly lockFile 1f1177db-tar tar://.
18 silly lockFile 1f1177db-tar tar://.
19 silly lockFile e70d2f92-948303-0-485210994258523-tmp-tgz tar:///home/max/tmp/npm-5067-F30iOsOa/1406623948303-0.485210994258523/tmp.tgz
20 silly lockFile e70d2f92-948303-0-485210994258523-tmp-tgz tar:///home/max/tmp/npm-5067-F30iOsOa/1406623948303-0.485210994258523/tmp.tgz
21 verbose tar unpack /home/max/tmp/npm-5067-F30iOsOa/1406623948303-0.485210994258523/tmp.tgz
22 silly lockFile 0f614eca-948303-0-485210994258523-package tar:///home/max/tmp/npm-5067-F30iOsOa/1406623948303-0.485210994258523/package
23 verbose lock tar:///home/max/tmp/npm-5067-F30iOsOa/1406623948303-0.485210994258523/package /home/max/.npm/0f614eca-948303-0-485210994258523-package.lock
24 silly lockFile e70d2f92-948303-0-485210994258523-tmp-tgz tar:///home/max/tmp/npm-5067-F30iOsOa/1406623948303-0.485210994258523/tmp.tgz
25 verbose lock tar:///home/max/tmp/npm-5067-F30iOsOa/1406623948303-0.485210994258523/tmp.tgz /home/max/.npm/e70d2f92-948303-0-485210994258523-tmp-tgz.lock
26 silly gunzTarPerm modes [ '755', '644' ]
27 silly gunzTarPerm extractEntry package.json
28 silly gunzTarPerm modified mode [ 'package.json', 436, 420 ]
29 silly gunzTarPerm extractEntry .npmignore
30 silly gunzTarPerm modified mode [ '.npmignore', 436, 420 ]
31 silly gunzTarPerm extractEntry README.md
32 silly gunzTarPerm modified mode [ 'README.md', 436, 420 ]
33 silly gunzTarPerm extractEntry LICENSE
34 silly gunzTarPerm modified mode [ 'LICENSE', 436, 420 ]
35 silly gunzTarPerm extractEntry index.js
36 silly gunzTarPerm modified mode [ 'index.js', 436, 420 ]
37 silly gunzTarPerm extractEntry .travis.yml
38 silly gunzTarPerm modified mode [ '.travis.yml', 436, 420 ]
39 silly gunzTarPerm extractEntry lib/mu-cli.js
40 silly gunzTarPerm modified mode [ 'lib/mu-cli.js', 509, 493 ]
41 silly gunzTarPerm extractEntry lib/mu.js
42 silly gunzTarPerm modified mode [ 'lib/mu.js', 436, 420 ]
43 silly gunzTarPerm extractEntry lib/mu/errors.js
44 silly gunzTarPerm modified mode [ 'lib/mu/errors.js', 436, 420 ]
45 silly gunzTarPerm extractEntry lib/mu/parser.js
46 silly gunzTarPerm modified mode [ 'lib/mu/parser.js', 436, 420 ]
47 silly gunzTarPerm extractEntry lib/mu/renderer.js
48 silly gunzTarPerm modified mode [ 'lib/mu/renderer.js', 436, 420 ]
49 silly gunzTarPerm extractEntry lib/mu/stream.js
50 silly gunzTarPerm modified mode [ 'lib/mu/stream.js', 436, 420 ]
51 silly gunzTarPerm extractEntry test/bench.js
52 silly gunzTarPerm modified mode [ 'test/bench.js', 436, 420 ]
53 silly gunzTarPerm extractEntry test/run_examples_test.js
54 silly gunzTarPerm modified mode [ 'test/run_examples_test.js', 436, 420 ]
55 silly gunzTarPerm extractEntry test/examples/ampersand_escape.js
56 silly gunzTarPerm modified mode [ 'test/examples/ampersand_escape.js', 436, 420 ]
57 silly gunzTarPerm extractEntry test/examples/included_tag.js
58 silly gunzTarPerm modified mode [ 'test/examples/included_tag.js', 436, 420 ]
59 silly gunzTarPerm extractEntry test/examples/inverted.js
60 silly gunzTarPerm modified mode [ 'test/examples/inverted.js', 436, 420 ]
61 silly gunzTarPerm extractEntry test/examples/inverted_section.js
62 silly gunzTarPerm modified mode [ 'test/examples/inverted_section.js', 436, 420 ]
63 silly gunzTarPerm extractEntry test/examples/keys_with_questionmarks.js
64 silly gunzTarPerm modified mode [ 'test/examples/keys_with_questionmarks.js', 436, 420 ]
65 silly gunzTarPerm extractEntry test/examples/higher_order_sections.js
66 silly gunzTarPerm modified mode [ 'test/examples/higher_order_sections.js', 436, 420 ]
67 silly gunzTarPerm extractEntry test/examples/multiline_comment.js
68 silly gunzTarPerm modified mode [ 'test/examples/multiline_comment.js', 436, 420 ]
69 silly gunzTarPerm extractEntry test/examples/nested_higher_order_sections.js
70 silly gunzTarPerm modified mode [ 'test/examples/nested_higher_order_sections.js', 436, 420 ]
71 silly gunzTarPerm extractEntry test/examples/nested_iterating.js
72 silly gunzTarPerm modified mode [ 'test/examples/nested_iterating.js', 436, 420 ]
73 silly gunzTarPerm extractEntry test/examples/nesting.js
74 silly gunzTarPerm modified mode [ 'test/examples/nesting.js', 436, 420 ]
75 silly gunzTarPerm extractEntry test/examples/nesting_same_name.js
76 silly gunzTarPerm modified mode [ 'test/examples/nesting_same_name.js', 436, 420 ]
77 silly gunzTarPerm extractEntry test/examples/hash_instead_of_array.js
78 silly gunzTarPerm modified mode [ 'test/examples/hash_instead_of_array.js', 436, 420 ]
79 silly gunzTarPerm extractEntry test/examples/null_string.js
80 silly gunzTarPerm modified mode [ 'test/examples/null_string.js', 436, 420 ]
81 silly gunzTarPerm extractEntry test/examples/grandparent_context.js
82 silly gunzTarPerm modified mode [ 'test/examples/grandparent_context.js', 436, 420 ]
83 silly gunzTarPerm extractEntry test/examples/null_view.js
84 silly gunzTarPerm modified mode [ 'test/examples/null_view.js', 436, 420 ]
85 silly gunzTarPerm extractEntry test/examples/falsy.js
86 silly gunzTarPerm modified mode [ 'test/examples/falsy.js', 436, 420 ]
87 silly gunzTarPerm extractEntry test/examples/partial.js
88 silly gunzTarPerm modified mode [ 'test/examples/partial.js', 436, 420 ]
89 silly gunzTarPerm extractEntry test/examples/escaped.js
90 silly gunzTarPerm modified mode [ 'test/examples/escaped.js', 436, 420 ]
91 silly gunzTarPerm extractEntry test/examples/partial_array.js
92 silly gunzTarPerm modified mode [ 'test/examples/partial_array.js', 436, 420 ]
93 silly gunzTarPerm extractEntry test/examples/error_not_found.js
94 silly gunzTarPerm modified mode [ 'test/examples/error_not_found.js', 436, 420 ]
95 silly gunzTarPerm extractEntry test/examples/partial_array_of_partials.js
96 silly gunzTarPerm modified mode [ 'test/examples/partial_array_of_partials.js', 436, 420 ]
97 silly gunzTarPerm extractEntry test/examples/empty_template.js
98 silly gunzTarPerm modified mode [ 'test/examples/empty_template.js', 436, 420 ]
99 silly gunzTarPerm extractEntry test/examples/partial_array_of_partials_implicit.js
100 silly gunzTarPerm modified mode [ 'test/examples/partial_array_of_partials_implicit.js',
100 silly gunzTarPerm   436,
100 silly gunzTarPerm   420 ]
101 silly gunzTarPerm extractEntry test/examples/empty_string.js
102 silly gunzTarPerm modified mode [ 'test/examples/empty_string.js', 436, 420 ]
103 silly gunzTarPerm extractEntry test/examples/partial_empty.js
104 silly gunzTarPerm modified mode [ 'test/examples/partial_empty.js', 436, 420 ]
105 silly gunzTarPerm extractEntry test/examples/empty_sections.js
106 silly gunzTarPerm modified mode [ 'test/examples/empty_sections.js', 436, 420 ]
107 silly gunzTarPerm extractEntry test/examples/partial_template.js
108 silly gunzTarPerm modified mode [ 'test/examples/partial_template.js', 436, 420 ]
109 silly gunzTarPerm extractEntry test/examples/empty_list.js
110 silly gunzTarPerm modified mode [ 'test/examples/empty_list.js', 436, 420 ]
111 silly gunzTarPerm extractEntry test/examples/partial_view.js
112 silly gunzTarPerm modified mode [ 'test/examples/partial_view.js', 436, 420 ]
113 silly gunzTarPerm extractEntry test/examples/double_render.js
114 silly gunzTarPerm modified mode [ 'test/examples/double_render.js', 436, 420 ]
115 silly gunzTarPerm extractEntry test/examples/partial_whitespace.js
116 silly gunzTarPerm modified mode [ 'test/examples/partial_whitespace.js', 436, 420 ]
117 silly gunzTarPerm extractEntry test/examples/dot_notation.js
118 silly gunzTarPerm modified mode [ 'test/examples/dot_notation.js', 436, 420 ]
119 silly gunzTarPerm extractEntry test/examples/recursion_with_same_names.js
120 silly gunzTarPerm modified mode [ 'test/examples/recursion_with_same_names.js', 436, 420 ]
121 silly gunzTarPerm extractEntry test/examples/disappearing_whitespace.js
122 silly gunzTarPerm modified mode [ 'test/examples/disappearing_whitespace.js', 436, 420 ]
123 silly gunzTarPerm extractEntry test/examples/reuse_of_enumerables.js
124 silly gunzTarPerm modified mode [ 'test/examples/reuse_of_enumerables.js', 436, 420 ]
125 silly gunzTarPerm extractEntry test/examples/delimiters.js
126 silly gunzTarPerm modified mode [ 'test/examples/delimiters.js', 436, 420 ]
127 silly gunzTarPerm extractEntry test/examples/section_as_context.js
128 silly gunzTarPerm modified mode [ 'test/examples/section_as_context.js', 436, 420 ]
129 silly gunzTarPerm extractEntry test/examples/deep_partial.js
130 silly gunzTarPerm modified mode [ 'test/examples/deep_partial.js', 436, 420 ]
131 silly gunzTarPerm extractEntry test/examples/simple.js
132 silly gunzTarPerm modified mode [ 'test/examples/simple.js', 436, 420 ]
133 silly gunzTarPerm extractEntry test/examples/date.js
134 silly gunzTarPerm modified mode [ 'test/examples/date.js', 436, 420 ]
135 silly gunzTarPerm extractEntry test/examples/slot_empty.js
136 silly gunzTarPerm modified mode [ 'test/examples/slot_empty.js', 436, 420 ]
137 silly gunzTarPerm extractEntry test/examples/context_lookup.js
138 silly gunzTarPerm modified mode [ 'test/examples/context_lookup.js', 436, 420 ]
139 silly gunzTarPerm extractEntry test/examples/slot_filled.js
140 silly gunzTarPerm modified mode [ 'test/examples/slot_filled.js', 436, 420 ]
141 silly gunzTarPerm extractEntry test/examples/complex.js
142 silly gunzTarPerm modified mode [ 'test/examples/complex.js', 436, 420 ]
143 silly gunzTarPerm extractEntry test/examples/slot_parent_body.js
144 silly gunzTarPerm modified mode [ 'test/examples/slot_parent_body.js', 436, 420 ]
145 silly gunzTarPerm extractEntry test/examples/comments.js
146 silly gunzTarPerm modified mode [ 'test/examples/comments.js', 436, 420 ]
147 silly gunzTarPerm extractEntry test/examples/slot_parent_deeper_body.js
148 silly gunzTarPerm modified mode [ 'test/examples/slot_parent_deeper_body.js', 436, 420 ]
149 silly gunzTarPerm extractEntry test/examples/check_falsy.js
150 silly gunzTarPerm modified mode [ 'test/examples/check_falsy.js', 436, 420 ]
151 silly gunzTarPerm extractEntry test/examples/string_as_context.js
152 silly gunzTarPerm modified mode [ 'test/examples/string_as_context.js', 436, 420 ]
153 silly gunzTarPerm extractEntry test/examples/changing_delimiters.js
154 silly gunzTarPerm modified mode [ 'test/examples/changing_delimiters.js', 436, 420 ]
155 silly gunzTarPerm extractEntry test/examples/tenthousand.js
156 silly gunzTarPerm modified mode [ 'test/examples/tenthousand.js', 436, 420 ]
157 silly gunzTarPerm extractEntry test/examples/carriage_return.js
158 silly gunzTarPerm modified mode [ 'test/examples/carriage_return.js', 436, 420 ]
159 silly gunzTarPerm extractEntry test/examples/twice.js
160 silly gunzTarPerm modified mode [ 'test/examples/twice.js', 436, 420 ]
161 silly gunzTarPerm extractEntry test/examples/bug_11_eating_whitespace.js
162 silly gunzTarPerm modified mode [ 'test/examples/bug_11_eating_whitespace.js', 436, 420 ]
163 silly gunzTarPerm extractEntry test/examples/two_in_a_row.js
164 silly gunzTarPerm modified mode [ 'test/examples/two_in_a_row.js', 436, 420 ]
165 silly gunzTarPerm extractEntry test/examples/boolean.js
166 silly gunzTarPerm modified mode [ 'test/examples/boolean.js', 436, 420 ]
167 silly gunzTarPerm extractEntry test/examples/two_sections.js
168 silly gunzTarPerm modified mode [ 'test/examples/two_sections.js', 436, 420 ]
169 silly gunzTarPerm extractEntry test/examples/backslashes.js
170 silly gunzTarPerm modified mode [ 'test/examples/backslashes.js', 436, 420 ]
171 silly gunzTarPerm extractEntry test/examples/unescaped.js
172 silly gunzTarPerm modified mode [ 'test/examples/unescaped.js', 436, 420 ]
173 silly gunzTarPerm extractEntry test/examples/array_of_strings.js
174 silly gunzTarPerm modified mode [ 'test/examples/array_of_strings.js', 436, 420 ]
175 silly gunzTarPerm extractEntry test/examples/whitespace.js
176 silly gunzTarPerm modified mode [ 'test/examples/whitespace.js', 436, 420 ]
177 silly gunzTarPerm extractEntry test/examples/apostrophe.js
178 silly gunzTarPerm modified mode [ 'test/examples/apostrophe.js', 436, 420 ]
179 silly gunzTarPerm extractEntry test/examples/wrapped.js
180 silly gunzTarPerm modified mode [ 'test/examples/wrapped.js', 436, 420 ]
181 silly gunzTarPerm extractEntry test/examples/malicious_template.js
182 silly gunzTarPerm modified mode [ 'test/examples/malicious_template.js', 436, 420 ]
183 silly gunzTarPerm extractEntry test/examples/empty_template.mustache
184 silly gunzTarPerm modified mode [ 'test/examples/empty_template.mustache', 436, 420 ]
185 silly gunzTarPerm extractEntry test/examples/empty_template.txt
186 silly gunzTarPerm modified mode [ 'test/examples/empty_template.txt', 436, 420 ]
187 silly gunzTarPerm extractEntry test/examples/error_not_found.html
188 silly gunzTarPerm modified mode [ 'test/examples/error_not_found.html', 436, 420 ]
189 silly gunzTarPerm extractEntry test/examples/changing_delimiters.mustache
190 silly gunzTarPerm modified mode [ 'test/examples/changing_delimiters.mustache', 436, 420 ]
191 silly gunzTarPerm extractEntry test/examples/error_not_found.txt
192 silly gunzTarPerm modified mode [ 'test/examples/error_not_found.txt', 436, 420 ]
193 silly gunzTarPerm extractEntry test/examples/escaped.html
194 silly gunzTarPerm modified mode [ 'test/examples/escaped.html', 436, 420 ]
195 silly gunzTarPerm extractEntry test/examples/changing_delimiters.txt
196 silly gunzTarPerm modified mode [ 'test/examples/changing_delimiters.txt', 436, 420 ]
197 silly gunzTarPerm extractEntry test/examples/escaped.txt
198 silly gunzTarPerm modified mode [ 'test/examples/escaped.txt', 436, 420 ]
199 silly gunzTarPerm extractEntry test/examples/array_of_strings.txt
200 silly gunzTarPerm modified mode [ 'test/examples/array_of_strings.txt', 436, 420 ]
201 silly gunzTarPerm extractEntry test/examples/falsy.mustache
202 silly gunzTarPerm modified mode [ 'test/examples/falsy.mustache', 436, 420 ]
203 silly gunzTarPerm extractEntry test/examples/falsy.txt
204 silly gunzTarPerm modified mode [ 'test/examples/falsy.txt', 436, 420 ]
205 silly gunzTarPerm extractEntry test/examples/check_falsy.mustache
206 silly gunzTarPerm modified mode [ 'test/examples/check_falsy.mustache', 436, 420 ]
207 silly gunzTarPerm extractEntry test/examples/grandparent_context.mustache
208 silly gunzTarPerm modified mode [ 'test/examples/grandparent_context.mustache', 436, 420 ]
209 silly gunzTarPerm extractEntry test/examples/grandparent_context.txt
210 silly gunzTarPerm modified mode [ 'test/examples/grandparent_context.txt', 436, 420 ]
211 silly gunzTarPerm extractEntry test/examples/hash_instead_of_array.html
212 silly gunzTarPerm modified mode [ 'test/examples/hash_instead_of_array.html', 436, 420 ]
213 silly gunzTarPerm extractEntry test/examples/check_falsy.txt
214 silly gunzTarPerm modified mode [ 'test/examples/check_falsy.txt', 436, 420 ]
215 silly gunzTarPerm extractEntry test/examples/hash_instead_of_array.txt
216 silly gunzTarPerm modified mode [ 'test/examples/hash_instead_of_array.txt', 436, 420 ]
217 silly gunzTarPerm extractEntry test/examples/comments.html
218 silly gunzTarPerm modified mode [ 'test/examples/comments.html', 436, 420 ]
219 silly gunzTarPerm extractEntry test/examples/higher_order_sections.mustache
220 silly gunzTarPerm modified mode [ 'test/examples/higher_order_sections.mustache', 436, 420 ]
221 silly gunzTarPerm extractEntry test/examples/higher_order_sections.txt
222 silly gunzTarPerm modified mode [ 'test/examples/higher_order_sections.txt', 436, 420 ]
223 silly gunzTarPerm extractEntry test/examples/wrapped.txt
224 silly gunzTarPerm modified mode [ 'test/examples/wrapped.txt', 436, 420 ]
225 silly gunzTarPerm extractEntry test/examples/included_tag.mustache
226 silly gunzTarPerm modified mode [ 'test/examples/included_tag.mustache', 436, 420 ]
227 silly gunzTarPerm extractEntry test/examples/included_tag.txt
228 silly gunzTarPerm modified mode [ 'test/examples/included_tag.txt', 436, 420 ]
229 silly gunzTarPerm extractEntry test/examples/inner_partial.html
230 silly gunzTarPerm modified mode [ 'test/examples/inner_partial.html', 436, 420 ]
231 silly gunzTarPerm extractEntry test/examples/inverted.html
232 silly gunzTarPerm modified mode [ 'test/examples/inverted.html', 436, 420 ]
233 silly gunzTarPerm extractEntry test/examples/comments.txt
234 silly gunzTarPerm modified mode [ 'test/examples/comments.txt', 436, 420 ]
235 silly gunzTarPerm extractEntry test/examples/inverted.txt
236 silly gunzTarPerm modified mode [ 'test/examples/inverted.txt', 436, 420 ]
237 silly gunzTarPerm extractEntry test/examples/complex.html
238 silly gunzTarPerm modified mode [ 'test/examples/complex.html', 436, 420 ]
239 silly gunzTarPerm extractEntry test/examples/inverted_section.mustache
240 silly gunzTarPerm modified mode [ 'test/examples/inverted_section.mustache', 436, 420 ]
241 silly gunzTarPerm extractEntry test/examples/inverted_section.txt
242 silly gunzTarPerm modified mode [ 'test/examples/inverted_section.txt', 436, 420 ]
243 silly gunzTarPerm extractEntry test/examples/backslashes.mustache
244 silly gunzTarPerm modified mode [ 'test/examples/backslashes.mustache', 436, 420 ]
245 silly gunzTarPerm extractEntry test/examples/keys_with_questionmarks.mustache
246 silly gunzTarPerm modified mode [ 'test/examples/keys_with_questionmarks.mustache', 436, 420 ]
247 silly gunzTarPerm extractEntry test/examples/keys_with_questionmarks.txt
248 silly gunzTarPerm modified mode [ 'test/examples/keys_with_questionmarks.txt', 436, 420 ]
249 silly gunzTarPerm extractEntry test/examples/complex.txt
250 silly gunzTarPerm modified mode [ 'test/examples/complex.txt', 436, 420 ]
251 silly gunzTarPerm extractEntry test/examples/malicious_template.mustache
252 silly gunzTarPerm modified mode [ 'test/examples/malicious_template.mustache', 436, 420 ]
253 silly gunzTarPerm extractEntry test/examples/malicious_template.txt
254 silly gunzTarPerm modified mode [ 'test/examples/malicious_template.txt', 436, 420 ]
255 silly gunzTarPerm extractEntry test/examples/backslashes.txt
256 silly gunzTarPerm modified mode [ 'test/examples/backslashes.txt', 436, 420 ]
257 silly gunzTarPerm extractEntry test/examples/ampersand_escape.mustache
258 silly gunzTarPerm modified mode [ 'test/examples/ampersand_escape.mustache', 436, 420 ]
259 silly gunzTarPerm extractEntry test/examples/multiline_comment.txt
260 silly gunzTarPerm modified mode [ 'test/examples/multiline_comment.txt', 436, 420 ]
261 silly gunzTarPerm extractEntry test/examples/context_lookup.mustache
262 silly gunzTarPerm modified mode [ 'test/examples/context_lookup.mustache', 436, 420 ]
263 silly gunzTarPerm extractEntry test/examples/nested_higher_order_sections.mustache
264 silly gunzTarPerm modified mode [ 'test/examples/nested_higher_order_sections.mustache',
264 silly gunzTarPerm   436,
264 silly gunzTarPerm   420 ]
265 silly gunzTarPerm extractEntry test/examples/nested_higher_order_sections.txt
266 silly gunzTarPerm modified mode [ 'test/examples/nested_higher_order_sections.txt', 436, 420 ]
267 silly gunzTarPerm extractEntry test/examples/context_lookup.txt
268 silly gunzTarPerm modified mode [ 'test/examples/context_lookup.txt', 436, 420 ]
269 silly gunzTarPerm extractEntry test/examples/nested_iterating.mustache
270 silly gunzTarPerm modified mode [ 'test/examples/nested_iterating.mustache', 436, 420 ]
271 silly gunzTarPerm extractEntry test/examples/nested_iterating.txt
272 silly gunzTarPerm modified mode [ 'test/examples/nested_iterating.txt', 436, 420 ]
273 silly gunzTarPerm extractEntry test/examples/date.html
274 silly gunzTarPerm modified mode [ 'test/examples/date.html', 436, 420 ]
275 silly gunzTarPerm extractEntry test/examples/nesting.mustache
276 silly gunzTarPerm modified mode [ 'test/examples/nesting.mustache', 436, 420 ]
277 silly gunzTarPerm extractEntry test/examples/nesting.txt
278 silly gunzTarPerm modified mode [ 'test/examples/nesting.txt', 436, 420 ]
279 silly gunzTarPerm extractEntry test/examples/boolean.html
280 silly gunzTarPerm modified mode [ 'test/examples/boolean.html', 436, 420 ]
281 silly gunzTarPerm extractEntry test/examples/nesting_same_name.mustache
282 silly gunzTarPerm modified mode [ 'test/examples/nesting_same_name.mustache', 436, 420 ]
283 silly gunzTarPerm extractEntry test/examples/nesting_same_name.txt
284 silly gunzTarPerm modified mode [ 'test/examples/nesting_same_name.txt', 436, 420 ]
285 silly gunzTarPerm extractEntry test/examples/date.txt
286 silly gunzTarPerm modified mode [ 'test/examples/date.txt', 436, 420 ]
287 silly gunzTarPerm extractEntry test/examples/null_string.mustache
288 silly gunzTarPerm modified mode [ 'test/examples/null_string.mustache', 436, 420 ]
289 silly gunzTarPerm extractEntry test/examples/null_string.txt
290 silly gunzTarPerm modified mode [ 'test/examples/null_string.txt', 436, 420 ]
291 silly gunzTarPerm extractEntry test/examples/deep_partial.html
292 silly gunzTarPerm modified mode [ 'test/examples/deep_partial.html', 436, 420 ]
293 silly gunzTarPerm extractEntry test/examples/null_view.mustache
294 silly gunzTarPerm modified mode [ 'test/examples/null_view.mustache', 436, 420 ]
295 silly gunzTarPerm extractEntry test/examples/null_view.txt
296 silly gunzTarPerm modified mode [ 'test/examples/null_view.txt', 436, 420 ]
297 silly gunzTarPerm extractEntry test/examples/parent.mustache
298 silly gunzTarPerm modified mode [ 'test/examples/parent.mustache', 436, 420 ]
299 silly gunzTarPerm extractEntry test/examples/parentLevel1.mustache
300 silly gunzTarPerm modified mode [ 'test/examples/parentLevel1.mustache', 436, 420 ]
301 silly gunzTarPerm extractEntry test/examples/parentLevel2.mustache
302 silly gunzTarPerm modified mode [ 'test/examples/parentLevel2.mustache', 436, 420 ]
303 silly gunzTarPerm extractEntry test/examples/partial.html
304 silly gunzTarPerm modified mode [ 'test/examples/partial.html', 436, 420 ]
305 silly gunzTarPerm extractEntry test/examples/apostrophe.mustache
306 silly gunzTarPerm modified mode [ 'test/examples/apostrophe.mustache', 436, 420 ]
307 silly gunzTarPerm extractEntry test/examples/partial.txt
308 silly gunzTarPerm modified mode [ 'test/examples/partial.txt', 436, 420 ]
309 silly gunzTarPerm extractEntry test/examples/deep_partial.txt
310 silly gunzTarPerm modified mode [ 'test/examples/deep_partial.txt', 436, 420 ]
311 silly gunzTarPerm extractEntry test/examples/partial_array.mustache
312 silly gunzTarPerm modified mode [ 'test/examples/partial_array.mustache', 436, 420 ]
313 silly gunzTarPerm extractEntry test/examples/partial_array.partial
314 silly gunzTarPerm modified mode [ 'test/examples/partial_array.partial', 436, 420 ]
315 silly gunzTarPerm extractEntry test/examples/partial_array.txt
316 silly gunzTarPerm modified mode [ 'test/examples/partial_array.txt', 436, 420 ]
317 silly gunzTarPerm extractEntry test/examples/delimiters.html
318 silly gunzTarPerm modified mode [ 'test/examples/delimiters.html', 436, 420 ]
319 silly gunzTarPerm extractEntry test/examples/partial_array_of_partials.mustache
320 silly gunzTarPerm modified mode [ 'test/examples/partial_array_of_partials.mustache', 436, 420 ]
321 silly gunzTarPerm extractEntry test/examples/partial_array_of_partials.partial
322 silly gunzTarPerm modified mode [ 'test/examples/partial_array_of_partials.partial', 436, 420 ]
323 silly gunzTarPerm extractEntry test/examples/partial_array_of_partials.txt
324 silly gunzTarPerm modified mode [ 'test/examples/partial_array_of_partials.txt', 436, 420 ]
325 silly gunzTarPerm extractEntry test/examples/boolean.txt
326 silly gunzTarPerm modified mode [ 'test/examples/boolean.txt', 436, 420 ]
327 silly gunzTarPerm extractEntry test/examples/partial_array_of_partials_implicit.mustache
328 silly gunzTarPerm modified mode [ 'test/examples/partial_array_of_partials_implicit.mustache',
328 silly gunzTarPerm   436,
328 silly gunzTarPerm   420 ]
329 silly gunzTarPerm extractEntry test/examples/partial_array_of_partials_implicit.partial
330 silly gunzTarPerm modified mode [ 'test/examples/partial_array_of_partials_implicit.partial',
330 silly gunzTarPerm   436,
330 silly gunzTarPerm   420 ]
331 silly gunzTarPerm extractEntry test/examples/partial_array_of_partials_implicit.txt
332 silly gunzTarPerm modified mode [ 'test/examples/partial_array_of_partials_implicit.txt',
332 silly gunzTarPerm   436,
332 silly gunzTarPerm   420 ]
333 silly gunzTarPerm extractEntry test/examples/delimiters.txt
334 silly gunzTarPerm modified mode [ 'test/examples/delimiters.txt', 436, 420 ]
335 silly gunzTarPerm extractEntry test/examples/partial_empty.mustache
336 silly gunzTarPerm modified mode [ 'test/examples/partial_empty.mustache', 436, 420 ]
337 silly gunzTarPerm extractEntry test/examples/partial_empty.partial
338 silly gunzTarPerm modified mode [ 'test/examples/partial_empty.partial', 436, 420 ]
339 silly gunzTarPerm extractEntry test/examples/partial_empty.txt
340 silly gunzTarPerm modified mode [ 'test/examples/partial_empty.txt', 436, 420 ]
341 silly gunzTarPerm extractEntry test/examples/apostrophe.txt
342 silly gunzTarPerm modified mode [ 'test/examples/apostrophe.txt', 436, 420 ]
343 silly gunzTarPerm extractEntry test/examples/partial_template.mustache
344 silly gunzTarPerm modified mode [ 'test/examples/partial_template.mustache', 436, 420 ]
345 silly gunzTarPerm extractEntry test/examples/partial_template.partial
346 silly gunzTarPerm modified mode [ 'test/examples/partial_template.partial', 436, 420 ]
347 silly gunzTarPerm extractEntry test/examples/partial_template.txt
348 silly gunzTarPerm modified mode [ 'test/examples/partial_template.txt', 436, 420 ]
349 silly gunzTarPerm extractEntry test/examples/disappearing_whitespace.mustache
350 silly gunzTarPerm modified mode [ 'test/examples/disappearing_whitespace.mustache', 436, 420 ]
351 silly gunzTarPerm extractEntry test/examples/partial_view.mustache
352 silly gunzTarPerm modified mode [ 'test/examples/partial_view.mustache', 436, 420 ]
353 silly gunzTarPerm extractEntry test/examples/partial_view.partial
354 silly gunzTarPerm modified mode [ 'test/examples/partial_view.partial', 436, 420 ]
355 silly gunzTarPerm extractEntry test/examples/partial_view.txt
356 silly gunzTarPerm modified mode [ 'test/examples/partial_view.txt', 436, 420 ]
357 silly gunzTarPerm extractEntry test/examples/disappearing_whitespace.txt
358 silly gunzTarPerm modified mode [ 'test/examples/disappearing_whitespace.txt', 436, 420 ]
359 silly gunzTarPerm extractEntry test/examples/partial_whitespace.mustache
360 silly gunzTarPerm modified mode [ 'test/examples/partial_whitespace.mustache', 436, 420 ]
361 silly gunzTarPerm extractEntry test/examples/partial_whitespace.partial
362 silly gunzTarPerm modified mode [ 'test/examples/partial_whitespace.partial', 436, 420 ]
363 silly gunzTarPerm extractEntry test/examples/partial_whitespace.txt
364 silly gunzTarPerm modified mode [ 'test/examples/partial_whitespace.txt', 436, 420 ]
365 silly gunzTarPerm extractEntry test/examples/recursion_with_same_names.html
366 silly gunzTarPerm modified mode [ 'test/examples/recursion_with_same_names.html', 436, 420 ]
367 silly gunzTarPerm extractEntry test/examples/dot_notation.html
368 silly gunzTarPerm modified mode [ 'test/examples/dot_notation.html', 436, 420 ]
369 silly gunzTarPerm extractEntry test/examples/recursion_with_same_names.txt
370 silly gunzTarPerm modified mode [ 'test/examples/recursion_with_same_names.txt', 436, 420 ]
371 silly gunzTarPerm extractEntry test/examples/reuse_of_enumerables.html
372 silly gunzTarPerm modified mode [ 'test/examples/reuse_of_enumerables.html', 436, 420 ]
373 silly gunzTarPerm extractEntry test/examples/bug_11_eating_whitespace.mustache
374 silly gunzTarPerm modified mode [ 'test/examples/bug_11_eating_whitespace.mustache', 436, 420 ]
375 silly gunzTarPerm extractEntry test/examples/reuse_of_enumerables.txt
376 silly gunzTarPerm modified mode [ 'test/examples/reuse_of_enumerables.txt', 436, 420 ]
377 silly gunzTarPerm extractEntry test/examples/dot_notation.txt
378 silly gunzTarPerm modified mode [ 'test/examples/dot_notation.txt', 436, 420 ]
379 silly gunzTarPerm extractEntry test/examples/section_as_context.mustache
380 silly gunzTarPerm modified mode [ 'test/examples/section_as_context.mustache', 436, 420 ]
381 silly gunzTarPerm extractEntry test/examples/section_as_context.txt
382 silly gunzTarPerm modified mode [ 'test/examples/section_as_context.txt', 436, 420 ]
383 silly gunzTarPerm extractEntry test/examples/simple.html
384 silly gunzTarPerm modified mode [ 'test/examples/simple.html', 436, 420 ]
385 silly gunzTarPerm extractEntry test/examples/bug_11_eating_whitespace.txt
386 silly gunzTarPerm modified mode [ 'test/examples/bug_11_eating_whitespace.txt', 436, 420 ]
387 silly gunzTarPerm extractEntry test/examples/simple.txt
388 silly gunzTarPerm modified mode [ 'test/examples/simple.txt', 436, 420 ]
389 silly gunzTarPerm extractEntry test/examples/slot_empty.html
390 silly gunzTarPerm modified mode [ 'test/examples/slot_empty.html', 436, 420 ]
391 silly gunzTarPerm extractEntry test/examples/double_render.mustache
392 silly gunzTarPerm modified mode [ 'test/examples/double_render.mustache', 436, 420 ]
393 silly gunzTarPerm extractEntry test/examples/slot_empty.txt
394 silly gunzTarPerm modified mode [ 'test/examples/slot_empty.txt', 436, 420 ]
395 silly gunzTarPerm extractEntry test/examples/slot_filled.html
396 silly gunzTarPerm modified mode [ 'test/examples/slot_filled.html', 436, 420 ]
397 silly gunzTarPerm extractEntry test/examples/double_render.txt
398 silly gunzTarPerm modified mode [ 'test/examples/double_render.txt', 436, 420 ]
399 silly gunzTarPerm extractEntry test/examples/slot_filled.txt
400 silly gunzTarPerm modified mode [ 'test/examples/slot_filled.txt', 436, 420 ]
401 silly gunzTarPerm extractEntry test/examples/slot_parent_body.html
402 silly gunzTarPerm modified mode [ 'test/examples/slot_parent_body.html', 436, 420 ]
403 silly gunzTarPerm extractEntry test/examples/carriage_return.html
404 silly gunzTarPerm modified mode [ 'test/examples/carriage_return.html', 436, 420 ]
405 silly gunzTarPerm extractEntry test/examples/slot_parent_body.txt
406 silly gunzTarPerm modified mode [ 'test/examples/slot_parent_body.txt', 436, 420 ]
407 silly gunzTarPerm extractEntry test/examples/slot_parent_deeper_body.html
408 silly gunzTarPerm modified mode [ 'test/examples/slot_parent_deeper_body.html', 436, 420 ]
409 silly gunzTarPerm extractEntry test/examples/empty_list.mustache
410 silly gunzTarPerm modified mode [ 'test/examples/empty_list.mustache', 436, 420 ]
411 silly gunzTarPerm extractEntry test/examples/slot_parent_deeper_body.txt
412 silly gunzTarPerm modified mode [ 'test/examples/slot_parent_deeper_body.txt', 436, 420 ]
413 silly gunzTarPerm extractEntry test/examples/empty_list.txt
414 silly gunzTarPerm modified mode [ 'test/examples/empty_list.txt', 436, 420 ]
415 silly gunzTarPerm extractEntry test/examples/string_as_context.mustache
416 silly gunzTarPerm modified mode [ 'test/examples/string_as_context.mustache', 436, 420 ]
417 silly gunzTarPerm extractEntry test/examples/string_as_context.txt
418 silly gunzTarPerm modified mode [ 'test/examples/string_as_context.txt', 436, 420 ]
419 silly gunzTarPerm extractEntry test/examples/tenthousand.html
420 silly gunzTarPerm modified mode [ 'test/examples/tenthousand.html', 436, 420 ]
421 silly gunzTarPerm extractEntry test/examples/ampersand_escape.txt
422 silly gunzTarPerm modified mode [ 'test/examples/ampersand_escape.txt', 436, 420 ]
423 silly gunzTarPerm extractEntry test/examples/tenthousand.txt
424 silly gunzTarPerm modified mode [ 'test/examples/tenthousand.txt', 436, 420 ]
425 silly gunzTarPerm extractEntry test/examples/twice.html
426 silly gunzTarPerm modified mode [ 'test/examples/twice.html', 436, 420 ]
427 silly gunzTarPerm extractEntry test/examples/empty_sections.mustache
428 silly gunzTarPerm modified mode [ 'test/examples/empty_sections.mustache', 436, 420 ]
429 silly gunzTarPerm extractEntry test/examples/twice.txt
430 silly gunzTarPerm modified mode [ 'test/examples/twice.txt', 436, 420 ]
431 silly gunzTarPerm extractEntry test/examples/two_in_a_row.html
432 silly gunzTarPerm modified mode [ 'test/examples/two_in_a_row.html', 436, 420 ]
433 silly gunzTarPerm extractEntry test/examples/empty_sections.txt
434 silly gunzTarPerm modified mode [ 'test/examples/empty_sections.txt', 436, 420 ]
435 silly gunzTarPerm extractEntry test/examples/two_in_a_row.txt
436 silly gunzTarPerm modified mode [ 'test/examples/two_in_a_row.txt', 436, 420 ]
437 silly gunzTarPerm extractEntry test/examples/carriage_return.txt
438 silly gunzTarPerm modified mode [ 'test/examples/carriage_return.txt', 436, 420 ]
439 silly gunzTarPerm extractEntry test/examples/two_sections.mustache
440 silly gunzTarPerm modified mode [ 'test/examples/two_sections.mustache', 436, 420 ]
441 silly gunzTarPerm extractEntry test/examples/two_sections.txt
442 silly gunzTarPerm modified mode [ 'test/examples/two_sections.txt', 436, 420 ]
443 silly gunzTarPerm extractEntry test/examples/unescaped.html
444 silly gunzTarPerm modified mode [ 'test/examples/unescaped.html', 436, 420 ]
445 silly gunzTarPerm extractEntry test/examples/empty_string.mustache
446 silly gunzTarPerm modified mode [ 'test/examples/empty_string.mustache', 436, 420 ]
447 silly gunzTarPerm extractEntry test/examples/unescaped.txt
448 silly gunzTarPerm modified mode [ 'test/examples/unescaped.txt', 436, 420 ]
449 silly gunzTarPerm extractEntry test/examples/empty_string.txt
450 silly gunzTarPerm modified mode [ 'test/examples/empty_string.txt', 436, 420 ]
451 silly gunzTarPerm extractEntry test/examples/whitespace.mustache
452 silly gunzTarPerm modified mode [ 'test/examples/whitespace.mustache', 436, 420 ]
453 silly gunzTarPerm extractEntry test/examples/whitespace.txt
454 silly gunzTarPerm modified mode [ 'test/examples/whitespace.txt', 436, 420 ]
455 silly gunzTarPerm extractEntry test/examples/wrapped.html
456 silly gunzTarPerm modified mode [ 'test/examples/wrapped.html', 436, 420 ]
457 silly gunzTarPerm extractEntry test/examples/array_of_strings.mustache
458 silly gunzTarPerm modified mode [ 'test/examples/array_of_strings.mustache', 436, 420 ]
459 silly gunzTarPerm extractEntry test/examples/multiline_comment.mustache
460 silly gunzTarPerm modified mode [ 'test/examples/multiline_comment.mustache', 436, 420 ]
461 silly gunzTarPerm extractEntry test.sh
462 silly gunzTarPerm modified mode [ 'test.sh', 509, 493 ]
463 silly lockFile 0f614eca-948303-0-485210994258523-package tar:///home/max/tmp/npm-5067-F30iOsOa/1406623948303-0.485210994258523/package
464 silly lockFile 0f614eca-948303-0-485210994258523-package tar:///home/max/tmp/npm-5067-F30iOsOa/1406623948303-0.485210994258523/package
465 silly lockFile e70d2f92-948303-0-485210994258523-tmp-tgz tar:///home/max/tmp/npm-5067-F30iOsOa/1406623948303-0.485210994258523/tmp.tgz
466 silly lockFile e70d2f92-948303-0-485210994258523-tmp-tgz tar:///home/max/tmp/npm-5067-F30iOsOa/1406623948303-0.485210994258523/tmp.tgz
467 verbose tar pack [ '/home/max/.npm/muws/0.5.28/package.tgz',
467 verbose tar pack   '/home/max/tmp/npm-5067-F30iOsOa/1406623948303-0.485210994258523/package' ]
468 verbose tarball /home/max/.npm/muws/0.5.28/package.tgz
469 verbose folder /home/max/tmp/npm-5067-F30iOsOa/1406623948303-0.485210994258523/package
470 silly lockFile 0f614eca-948303-0-485210994258523-package tar:///home/max/tmp/npm-5067-F30iOsOa/1406623948303-0.485210994258523/package
471 verbose lock tar:///home/max/tmp/npm-5067-F30iOsOa/1406623948303-0.485210994258523/package /home/max/.npm/0f614eca-948303-0-485210994258523-package.lock
472 silly lockFile c6d7a816--max-npm-muws-0-5-28-package-tgz tar:///home/max/.npm/muws/0.5.28/package.tgz
473 verbose lock tar:///home/max/.npm/muws/0.5.28/package.tgz /home/max/.npm/c6d7a816--max-npm-muws-0-5-28-package-tgz.lock
474 silly lockFile 0f614eca-948303-0-485210994258523-package tar:///home/max/tmp/npm-5067-F30iOsOa/1406623948303-0.485210994258523/package
475 silly lockFile 0f614eca-948303-0-485210994258523-package tar:///home/max/tmp/npm-5067-F30iOsOa/1406623948303-0.485210994258523/package
476 silly lockFile c6d7a816--max-npm-muws-0-5-28-package-tgz tar:///home/max/.npm/muws/0.5.28/package.tgz
477 silly lockFile c6d7a816--max-npm-muws-0-5-28-package-tgz tar:///home/max/.npm/muws/0.5.28/package.tgz
478 silly lockFile f13939bf-home-max-npm-muws-0-5-28-package /home/max/.npm/muws/0.5.28/package
479 verbose lock /home/max/.npm/muws/0.5.28/package /home/max/.npm/f13939bf-home-max-npm-muws-0-5-28-package.lock
480 silly lockFile f13939bf-home-max-npm-muws-0-5-28-package /home/max/.npm/muws/0.5.28/package
481 silly lockFile f13939bf-home-max-npm-muws-0-5-28-package /home/max/.npm/muws/0.5.28/package
482 verbose tar unpack /home/max/.npm/muws/0.5.28/package.tgz
483 silly lockFile 9ff8ce7e-home-max-npm-muws-0-5-28-package tar:///home/max/.npm/muws/0.5.28/package
484 verbose lock tar:///home/max/.npm/muws/0.5.28/package /home/max/.npm/9ff8ce7e-home-max-npm-muws-0-5-28-package.lock
485 silly lockFile c6d7a816--max-npm-muws-0-5-28-package-tgz tar:///home/max/.npm/muws/0.5.28/package.tgz
486 verbose lock tar:///home/max/.npm/muws/0.5.28/package.tgz /home/max/.npm/c6d7a816--max-npm-muws-0-5-28-package-tgz.lock
487 silly gunzTarPerm modes [ '755', '644' ]
488 silly gunzTarPerm extractEntry package.json
489 silly gunzTarPerm extractEntry .npmignore
490 silly gunzTarPerm extractEntry README.md
491 silly gunzTarPerm extractEntry LICENSE
492 silly gunzTarPerm extractEntry index.js
493 silly gunzTarPerm extractEntry .travis.yml
494 silly gunzTarPerm extractEntry lib/mu-cli.js
495 silly gunzTarPerm extractEntry lib/mu.js
496 silly gunzTarPerm extractEntry lib/mu/errors.js
497 silly gunzTarPerm extractEntry lib/mu/parser.js
498 silly gunzTarPerm extractEntry lib/mu/renderer.js
499 silly gunzTarPerm extractEntry lib/mu/stream.js
500 silly gunzTarPerm extractEntry test/bench.js
501 silly gunzTarPerm extractEntry test/run_examples_test.js
502 silly gunzTarPerm extractEntry test/examples/ampersand_escape.js
503 silly gunzTarPerm extractEntry test/examples/included_tag.js
504 silly gunzTarPerm extractEntry test/examples/inverted.js
505 silly gunzTarPerm extractEntry test/examples/inverted_section.js
506 silly gunzTarPerm extractEntry test/examples/keys_with_questionmarks.js
507 silly gunzTarPerm extractEntry test/examples/higher_order_sections.js
508 silly gunzTarPerm extractEntry test/examples/multiline_comment.js
509 silly gunzTarPerm extractEntry test/examples/nested_higher_order_sections.js
510 silly gunzTarPerm extractEntry test/examples/nested_iterating.js
511 silly gunzTarPerm extractEntry test/examples/nesting.js
512 silly gunzTarPerm extractEntry test/examples/nesting_same_name.js
513 silly gunzTarPerm extractEntry test/examples/hash_instead_of_array.js
514 silly gunzTarPerm extractEntry test/examples/null_string.js
515 silly gunzTarPerm extractEntry test/examples/grandparent_context.js
516 silly gunzTarPerm extractEntry test/examples/null_view.js
517 silly gunzTarPerm extractEntry test/examples/falsy.js
518 silly gunzTarPerm extractEntry test/examples/partial.js
519 silly gunzTarPerm extractEntry test/examples/escaped.js
520 silly gunzTarPerm extractEntry test/examples/partial_array.js
521 silly gunzTarPerm extractEntry test/examples/error_not_found.js
522 silly gunzTarPerm extractEntry test/examples/partial_array_of_partials.js
523 silly gunzTarPerm extractEntry test/examples/empty_template.js
524 silly gunzTarPerm extractEntry test/examples/partial_array_of_partials_implicit.js
525 silly gunzTarPerm extractEntry test/examples/empty_string.js
526 silly gunzTarPerm extractEntry test/examples/partial_empty.js
527 silly gunzTarPerm extractEntry test/examples/empty_sections.js
528 silly gunzTarPerm extractEntry test/examples/partial_template.js
529 silly gunzTarPerm extractEntry test/examples/empty_list.js
530 silly gunzTarPerm extractEntry test/examples/partial_view.js
531 silly gunzTarPerm extractEntry test/examples/double_render.js
532 silly gunzTarPerm extractEntry test/examples/partial_whitespace.js
533 silly gunzTarPerm extractEntry test/examples/dot_notation.js
534 silly gunzTarPerm extractEntry test/examples/recursion_with_same_names.js
535 silly gunzTarPerm extractEntry test/examples/disappearing_whitespace.js
536 silly gunzTarPerm extractEntry test/examples/reuse_of_enumerables.js
537 silly gunzTarPerm extractEntry test/examples/delimiters.js
538 silly gunzTarPerm extractEntry test/examples/section_as_context.js
539 silly gunzTarPerm extractEntry test/examples/deep_partial.js
540 silly gunzTarPerm extractEntry test/examples/simple.js
541 silly gunzTarPerm extractEntry test/examples/date.js
542 silly gunzTarPerm extractEntry test/examples/slot_empty.js
543 silly gunzTarPerm extractEntry test/examples/context_lookup.js
544 silly gunzTarPerm extractEntry test/examples/slot_filled.js
545 silly gunzTarPerm extractEntry test/examples/complex.js
546 silly gunzTarPerm extractEntry test/examples/slot_parent_body.js
547 silly gunzTarPerm extractEntry test/examples/comments.js
548 silly gunzTarPerm extractEntry test/examples/slot_parent_deeper_body.js
549 silly gunzTarPerm extractEntry test/examples/check_falsy.js
550 silly gunzTarPerm extractEntry test/examples/string_as_context.js
551 silly gunzTarPerm extractEntry test/examples/changing_delimiters.js
552 silly gunzTarPerm extractEntry test/examples/tenthousand.js
553 silly gunzTarPerm extractEntry test/examples/carriage_return.js
554 silly gunzTarPerm extractEntry test/examples/twice.js
555 silly gunzTarPerm extractEntry test/examples/bug_11_eating_whitespace.js
556 silly gunzTarPerm extractEntry test/examples/two_in_a_row.js
557 silly gunzTarPerm extractEntry test/examples/boolean.js
558 silly gunzTarPerm extractEntry test/examples/two_sections.js
559 silly gunzTarPerm extractEntry test/examples/backslashes.js
560 silly gunzTarPerm extractEntry test/examples/unescaped.js
561 silly gunzTarPerm extractEntry test/examples/array_of_strings.js
562 silly gunzTarPerm extractEntry test/examples/whitespace.js
563 silly gunzTarPerm extractEntry test/examples/apostrophe.js
564 silly gunzTarPerm extractEntry test/examples/wrapped.js
565 silly gunzTarPerm extractEntry test/examples/malicious_template.js
566 silly gunzTarPerm extractEntry test/examples/empty_template.mustache
567 silly gunzTarPerm extractEntry test/examples/empty_template.txt
568 silly gunzTarPerm extractEntry test/examples/error_not_found.html
569 silly gunzTarPerm extractEntry test/examples/changing_delimiters.mustache
570 silly gunzTarPerm extractEntry test/examples/error_not_found.txt
571 silly gunzTarPerm extractEntry test/examples/escaped.html
572 silly gunzTarPerm extractEntry test/examples/changing_delimiters.txt
573 silly gunzTarPerm extractEntry test/examples/escaped.txt
574 silly gunzTarPerm extractEntry test/examples/array_of_strings.txt
575 silly gunzTarPerm extractEntry test/examples/falsy.mustache
576 silly gunzTarPerm extractEntry test/examples/falsy.txt
577 silly gunzTarPerm extractEntry test/examples/check_falsy.mustache
578 silly gunzTarPerm extractEntry test/examples/grandparent_context.mustache
579 silly gunzTarPerm extractEntry test/examples/grandparent_context.txt
580 silly gunzTarPerm extractEntry test/examples/hash_instead_of_array.html
581 silly gunzTarPerm extractEntry test/examples/check_falsy.txt
582 silly gunzTarPerm extractEntry test/examples/hash_instead_of_array.txt
583 silly gunzTarPerm extractEntry test/examples/comments.html
584 silly gunzTarPerm extractEntry test/examples/higher_order_sections.mustache
585 silly gunzTarPerm extractEntry test/examples/higher_order_sections.txt
586 silly gunzTarPerm extractEntry test/examples/wrapped.txt
587 silly gunzTarPerm extractEntry test/examples/included_tag.mustache
588 silly gunzTarPerm extractEntry test/examples/included_tag.txt
589 silly gunzTarPerm extractEntry test/examples/inner_partial.html
590 silly gunzTarPerm extractEntry test/examples/inverted.html
591 silly gunzTarPerm extractEntry test/examples/comments.txt
592 silly gunzTarPerm extractEntry test/examples/inverted.txt
593 silly gunzTarPerm extractEntry test/examples/complex.html
594 silly gunzTarPerm extractEntry test/examples/inverted_section.mustache
595 silly gunzTarPerm extractEntry test/examples/inverted_section.txt
596 silly gunzTarPerm extractEntry test/examples/backslashes.mustache
597 silly gunzTarPerm extractEntry test/examples/keys_with_questionmarks.mustache
598 silly gunzTarPerm extractEntry test/examples/keys_with_questionmarks.txt
599 silly gunzTarPerm extractEntry test/examples/complex.txt
600 silly gunzTarPerm extractEntry test/examples/malicious_template.mustache
601 silly gunzTarPerm extractEntry test/examples/malicious_template.txt
602 silly gunzTarPerm extractEntry test/examples/backslashes.txt
603 silly gunzTarPerm extractEntry test/examples/ampersand_escape.mustache
604 silly gunzTarPerm extractEntry test/examples/multiline_comment.txt
605 silly gunzTarPerm extractEntry test/examples/context_lookup.mustache
606 silly gunzTarPerm extractEntry test/examples/nested_higher_order_sections.mustache
607 silly gunzTarPerm extractEntry test/examples/nested_higher_order_sections.txt
608 silly gunzTarPerm extractEntry test/examples/context_lookup.txt
609 silly gunzTarPerm extractEntry test/examples/nested_iterating.mustache
610 silly gunzTarPerm extractEntry test/examples/nested_iterating.txt
611 silly gunzTarPerm extractEntry test/examples/date.html
612 silly gunzTarPerm extractEntry test/examples/nesting.mustache
613 silly gunzTarPerm extractEntry test/examples/nesting.txt
614 silly gunzTarPerm extractEntry test/examples/boolean.html
615 silly gunzTarPerm extractEntry test/examples/nesting_same_name.mustache
616 silly gunzTarPerm extractEntry test/examples/nesting_same_name.txt
617 silly gunzTarPerm extractEntry test/examples/date.txt
618 silly gunzTarPerm extractEntry test/examples/null_string.mustache
619 silly gunzTarPerm extractEntry test/examples/null_string.txt
620 silly gunzTarPerm extractEntry test/examples/deep_partial.html
621 silly gunzTarPerm extractEntry test/examples/null_view.mustache
622 silly gunzTarPerm extractEntry test/examples/null_view.txt
623 silly gunzTarPerm extractEntry test/examples/parent.mustache
624 silly gunzTarPerm extractEntry test/examples/parentLevel1.mustache
625 silly gunzTarPerm extractEntry test/examples/parentLevel2.mustache
626 silly gunzTarPerm extractEntry test/examples/partial.html
627 silly gunzTarPerm extractEntry test/examples/apostrophe.mustache
628 silly gunzTarPerm extractEntry test/examples/partial.txt
629 silly gunzTarPerm extractEntry test/examples/deep_partial.txt
630 silly gunzTarPerm extractEntry test/examples/partial_array.mustache
631 silly gunzTarPerm extractEntry test/examples/partial_array.partial
632 silly gunzTarPerm extractEntry test/examples/partial_array.txt
633 silly gunzTarPerm extractEntry test/examples/delimiters.html
634 silly gunzTarPerm extractEntry test/examples/partial_array_of_partials.mustache
635 silly gunzTarPerm extractEntry test/examples/partial_array_of_partials.partial
636 silly gunzTarPerm extractEntry test/examples/partial_array_of_partials.txt
637 silly gunzTarPerm extractEntry test/examples/boolean.txt
638 silly gunzTarPerm extractEntry test/examples/partial_array_of_partials_implicit.mustache
639 silly gunzTarPerm extractEntry test/examples/partial_array_of_partials_implicit.partial
640 silly gunzTarPerm extractEntry test/examples/partial_array_of_partials_implicit.txt
641 silly gunzTarPerm extractEntry test/examples/delimiters.txt
642 silly gunzTarPerm extractEntry test/examples/partial_empty.mustache
643 silly gunzTarPerm extractEntry test/examples/partial_empty.partial
644 silly gunzTarPerm extractEntry test/examples/partial_empty.txt
645 silly gunzTarPerm extractEntry test/examples/apostrophe.txt
646 silly gunzTarPerm extractEntry test/examples/partial_template.mustache
647 silly gunzTarPerm extractEntry test/examples/partial_template.partial
648 silly gunzTarPerm extractEntry test/examples/partial_template.txt
649 silly gunzTarPerm extractEntry test/examples/disappearing_whitespace.mustache
650 silly gunzTarPerm extractEntry test/examples/partial_view.mustache
651 silly gunzTarPerm extractEntry test/examples/partial_view.partial
652 silly gunzTarPerm extractEntry test/examples/partial_view.txt
653 silly gunzTarPerm extractEntry test/examples/disappearing_whitespace.txt
654 silly gunzTarPerm extractEntry test/examples/partial_whitespace.mustache
655 silly gunzTarPerm extractEntry test/examples/partial_whitespace.partial
656 silly gunzTarPerm extractEntry test/examples/partial_whitespace.txt
657 silly gunzTarPerm extractEntry test/examples/recursion_with_same_names.html
658 silly gunzTarPerm extractEntry test/examples/dot_notation.html
659 silly gunzTarPerm extractEntry test/examples/recursion_with_same_names.txt
660 silly gunzTarPerm extractEntry test/examples/reuse_of_enumerables.html
661 silly gunzTarPerm extractEntry test/examples/bug_11_eating_whitespace.mustache
662 silly gunzTarPerm extractEntry test/examples/reuse_of_enumerables.txt
663 silly gunzTarPerm extractEntry test/examples/dot_notation.txt
664 silly gunzTarPerm extractEntry test/examples/section_as_context.mustache
665 silly gunzTarPerm extractEntry test/examples/section_as_context.txt
666 silly gunzTarPerm extractEntry test/examples/simple.html
667 silly gunzTarPerm extractEntry test/examples/bug_11_eating_whitespace.txt
668 silly gunzTarPerm extractEntry test/examples/simple.txt
669 silly gunzTarPerm extractEntry test/examples/slot_empty.html
670 silly gunzTarPerm extractEntry test/examples/double_render.mustache
671 silly gunzTarPerm extractEntry test/examples/slot_empty.txt
672 silly gunzTarPerm extractEntry test/examples/slot_filled.html
673 silly gunzTarPerm extractEntry test/examples/double_render.txt
674 silly gunzTarPerm extractEntry test/examples/slot_filled.txt
675 silly gunzTarPerm extractEntry test/examples/slot_parent_body.html
676 silly gunzTarPerm extractEntry test/examples/carriage_return.html
677 silly gunzTarPerm extractEntry test/examples/slot_parent_body.txt
678 silly gunzTarPerm extractEntry test/examples/slot_parent_deeper_body.html
679 silly gunzTarPerm extractEntry test/examples/empty_list.mustache
680 silly gunzTarPerm extractEntry test/examples/slot_parent_deeper_body.txt
681 silly gunzTarPerm extractEntry test/examples/empty_list.txt
682 silly gunzTarPerm extractEntry test/examples/string_as_context.mustache
683 silly gunzTarPerm extractEntry test/examples/string_as_context.txt
684 silly gunzTarPerm extractEntry test/examples/tenthousand.html
685 silly gunzTarPerm extractEntry test/examples/ampersand_escape.txt
686 silly gunzTarPerm extractEntry test/examples/tenthousand.txt
687 silly gunzTarPerm extractEntry test/examples/twice.html
688 silly gunzTarPerm extractEntry test/examples/empty_sections.mustache
689 silly gunzTarPerm extractEntry test/examples/twice.txt
690 silly gunzTarPerm extractEntry test/examples/two_in_a_row.html
691 silly gunzTarPerm extractEntry test/examples/empty_sections.txt
692 silly gunzTarPerm extractEntry test/examples/two_in_a_row.txt
693 silly gunzTarPerm extractEntry test/examples/carriage_return.txt
694 silly gunzTarPerm extractEntry test/examples/two_sections.mustache
695 silly gunzTarPerm extractEntry test/examples/two_sections.txt
696 silly gunzTarPerm extractEntry test/examples/unescaped.html
697 silly gunzTarPerm extractEntry test/examples/empty_string.mustache
698 silly gunzTarPerm extractEntry test/examples/unescaped.txt
699 silly gunzTarPerm extractEntry test/examples/empty_string.txt
700 silly gunzTarPerm extractEntry test/examples/whitespace.mustache
701 silly gunzTarPerm extractEntry test/examples/whitespace.txt
702 silly gunzTarPerm extractEntry test/examples/wrapped.html
703 silly gunzTarPerm extractEntry test/examples/array_of_strings.mustache
704 silly gunzTarPerm extractEntry test/examples/multiline_comment.mustache
705 silly gunzTarPerm extractEntry test.sh
706 silly lockFile 9ff8ce7e-home-max-npm-muws-0-5-28-package tar:///home/max/.npm/muws/0.5.28/package
707 silly lockFile 9ff8ce7e-home-max-npm-muws-0-5-28-package tar:///home/max/.npm/muws/0.5.28/package
708 silly lockFile c6d7a816--max-npm-muws-0-5-28-package-tgz tar:///home/max/.npm/muws/0.5.28/package.tgz
709 silly lockFile c6d7a816--max-npm-muws-0-5-28-package-tgz tar:///home/max/.npm/muws/0.5.28/package.tgz
710 verbose chmod /home/max/.npm/muws/0.5.28/package.tgz 644
711 verbose chown /home/max/.npm/muws/0.5.28/package.tgz [ 1000, 1000 ]
712 silly lockFile 3a52ce78- .
713 silly lockFile 3a52ce78- .
714 silly publish { name: 'muws',
714 silly publish   description: 'A Mustache template engine with slots for Node.js',
714 silly publish   keywords: [ 'template', 'mustache' ],
714 silly publish   version: '0.5.28',
714 silly publish   homepage: 'https://github.com/bjaka-max/MuwS',
714 silly publish   author: { name: 'Maxim Pashkov', email: 'bjaka.max@gmail.com' },
714 silly publish   main: 'lib/mu',
714 silly publish   repository: { type: 'git', url: 'https://github.com/bjaka-max/MuwS.git' },
714 silly publish   licenses:
714 silly publish    [ { type: 'MIT',
714 silly publish        url: 'https://github.com/bjaka-max/MuwS/master/LICENSE' } ],
714 silly publish   readme: '# MuwS - a fast, streaming Node.js Mustache engine (with slots)\n[![Build Status](https://travis-ci.org/bjaka-max/MuwS.png?branch=master)](https://travis-ci.org/bjaka-max/MuwS)\n\n## About slots\n\nIf your a use Mustache for generating html, your are must use construction like this:\n\n###template.mustashe:\n```text\n{{>header}}{{!include html before content}}\ncontent text\n{{>footer}}{{!include html after content}}\n```\n###header.mustashe:\n```html\n<html>\n    <head>\n    </head>\n    <body>\n```\n###footer.mustashe:\n```html\n    </body>\n</html>\n```\nIt is ugly, and split tags. I suggest use the slot mechanism.\n\n\n###template.mustashe:\n```text\n{{@parent}}{{!include parent template}}\n{{[content}}content text{{/content}}{{!fill content slot}}\n{{/parent}}\n```\n###parent.mustashe:\n```html\n<html>\n    <head>\n    </head>\n    <body>\n    {{]content}}default content{{/content}}{{!define content slot}}\n    </body>\n</html>\n```\n\n## Install\n\n    npm install muws\n\n## Usage\n\nThere are a few ways to use mu 0.5. Here is the simplest:\n```javascript\nvar mu = require(\'muws\');\n\nmu.root = __dirname + \'/templates\'\nmu.compileAndRender(\'index.html\', {name: "john"})\n  .on(\'data\', function (data) {\n    console.log(data.toString());\n  });\n```\nHere is an example mixing it with the http module:\n```javascript\nvar http = require(\'http\')\n  , util = require(\'util\')\n  , mu   = require(\'muws\');\n\nmu.root = __dirname + \'/templates\';\n\n  http.createServer(function (req, res) {\n\n  var stream = mu.compileAndRender(\'index.html\', {name: "john"});\n  stream.pipe(res);\n\n}).listen(8000);\n```\nTaking that last example here is a little trick to always compile the templates\nin development mode (so the changes are immediately reflected).\n```javascript\nvar http = require(\'http\')\n  , util = require(\'util\')\n  , mu   = require(\'muws\');\n\nmu.root = __dirname + \'/templates\';\n\nhttp.createServer(function (req, res) {\n\n  if (process.env.NODE_ENV == \'DEVELOPMENT\') {\n    mu.clearCache();\n  }\n\n  var stream = mu.compileAndRender(\'index.html\', {name: "john"});\n  stream.pipe(res);\n\n}).listen(8000);\n```\n\n## Usage in express (http://expressjs.com/)\n\n###start.js:\n```javascript\nvar express = require(\'express\');\nvar app = express();\nvar mu   = require(\'muws\');\napp.engine(\'mustache\', mu.__express);\n\napp.get(\'/\', function(req, res){\n    res.render(\'index.mustache\', {text:\'Hello World\'});\n});\n\napp.listen(8000);\n```\n###views/index.mustashe:\n```html\n<html>\n    <head>\n    </head>\n    <body>\n    {{text}}\n    </body>\n</html>\n```\n\n## API\n\n    mu.root\n\n      A path to lookup templates from. Defaults to the working directory.\n\n    mu.globals\n\n      A object. Fields from this object will use in each view in application.\n\n    mu.compileAndRender(String templateName, Object view)\n\n      Returns: Stream\n\n      The first time this function is called with a specific template name, the\n      template will be compiled and then rendered to the stream. Subsequent\n      calls with the same template name will use a cached version of the compiled\n      template to improve performance (a lot).\n\n\n    mu.compile(filename, callback)\n\n      Returns nil\n      Callback (Error err, Any CompiledTemplate)\n\n      This function is used to compile a template. Usually you will not use it\n      directly but when doing wierd things, this might work for you. Does not\n      use the internal cache when called multiple times, though it does add the\n      compiled form to the cache.\n\n\n    mu.compileText(String name, String template, Function callback)\n\n      Returns nil\n      Callback (err, CompiledTemplate)\n\n      Similar to mu.compile except it taks in a name and the actual string of the\n      template. Does not do disk io. Does not auto-compile partials either.\n\n\n    mu.render(Mixed filenameOrCompiledTemplate, Object view)\n\n      Returns Stream\n\n      The brother of mu.compile. This function takes either a name of a template\n      previously compiled (in the cache) or the result of the mu.compile step.\n\n      This function is responsible for transforming the compiled template into the\n      proper output give the input view data.\n\n\n    mu.renderText(String template, Object view, Object partials)\n\n      Returns Stream\n\n      Like render, except takes a template as a string and an object for the partials.\n      This is not a very performant way to use mu, so only use this for dev/testing.\n\n\n    mu.clearCache(String templateNameOrNull)\n\n      Clears the cache for a specific template. If the name is omitted, clears all cache.\n\n\n\n',
714 silly publish   readmeFilename: 'README.md',
714 silly publish   bugs: { url: 'https://github.com/bjaka-max/MuwS/issues' },
714 silly publish   _id: 'muws@0.5.28',
714 silly publish   dist: { shasum: '861769c3a5e8265473fa4ad5ec8c37156e1aeec6' },
714 silly publish   _from: '.' }
715 verbose url raw muws
716 verbose url resolving [ 'https://registry.npmjs.org/', './muws' ]
717 verbose url resolved https://registry.npmjs.org/muws
718 info trying registry request attempt 1 at 15:52:29
719 http PUT https://registry.npmjs.org/muws
720 http 403 https://registry.npmjs.org/muws
721 info trying registry request attempt 1 at 15:52:31
722 http PUT https://registry.npmjs.org/muws
723 http 201 https://registry.npmjs.org/muws
724 verbose url raw muws
725 verbose url resolving [ 'https://registry.npmjs.org/', './muws' ]
726 verbose url resolved https://registry.npmjs.org/muws
727 info trying registry request attempt 1 at 15:52:32
728 http GET https://registry.npmjs.org/muws
729 http 200 https://registry.npmjs.org/muws
730 error publish fail Cannot publish over existing version.
730 error publish fail Update the 'version' field in package.json and try again.
730 error publish fail
730 error publish fail If the previous version was published in error, see:
730 error publish fail     npm help unpublish
730 error publish fail
730 error publish fail To automatically increment version numbers, see:
730 error publish fail     npm help version
731 error System Linux 3.2.0-67-generic-pae
732 error command "/usr/local/bin/node" "/usr/local/bin/npm" "publish"
733 error cwd /home/max/workspace/muws
734 error node -v v0.10.20
735 error npm -v 1.3.11
736 error code EPUBLISHCONFLICT
737 verbose exit [ 1, true ]
